mode: set
github.com/jimmitjoo/gemquick/session/session.go:21.53,27.16 3 1
github.com/jimmitjoo/gemquick/session/session.go:32.2,32.48 1 1
github.com/jimmitjoo/gemquick/session/session.go:37.2,37.47 1 1
github.com/jimmitjoo/gemquick/session/session.go:42.2,51.40 8 1
github.com/jimmitjoo/gemquick/session/session.go:59.2,59.16 1 1
github.com/jimmitjoo/gemquick/session/session.go:27.16,29.3 1 0
github.com/jimmitjoo/gemquick/session/session.go:32.48,34.3 1 1
github.com/jimmitjoo/gemquick/session/session.go:37.47,39.3 1 0
github.com/jimmitjoo/gemquick/session/session.go:52.15,52.15 0 0
github.com/jimmitjoo/gemquick/session/session.go:53.26,53.26 0 0
github.com/jimmitjoo/gemquick/session/session.go:54.32,54.32 0 0
github.com/jimmitjoo/gemquick/session/session.go:55.10,55.10 0 1
github.com/jimmitjoo/gemquick/render/render.go:35.111,37.37 1 1
github.com/jimmitjoo/gemquick/render/render.go:46.2,46.52 1 1
github.com/jimmitjoo/gemquick/render/render.go:38.12,39.36 1 1
github.com/jimmitjoo/gemquick/render/render.go:40.13,41.48 1 1
github.com/jimmitjoo/gemquick/render/render.go:42.10,42.10 0 1
github.com/jimmitjoo/gemquick/render/render.go:50.102,54.16 2 1
github.com/jimmitjoo/gemquick/render/render.go:58.2,59.17 2 1
github.com/jimmitjoo/gemquick/render/render.go:63.2,65.16 2 1
github.com/jimmitjoo/gemquick/render/render.go:69.2,69.12 1 1
github.com/jimmitjoo/gemquick/render/render.go:54.16,56.3 1 1
github.com/jimmitjoo/gemquick/render/render.go:59.17,61.3 1 0
github.com/jimmitjoo/gemquick/render/render.go:65.16,67.3 1 0
github.com/jimmitjoo/gemquick/render/render.go:73.122,76.22 2 1
github.com/jimmitjoo/gemquick/render/render.go:82.2,83.17 2 1
github.com/jimmitjoo/gemquick/render/render.go:87.2,88.16 2 1
github.com/jimmitjoo/gemquick/render/render.go:93.2,93.46 1 1
github.com/jimmitjoo/gemquick/render/render.go:98.2,98.12 1 1
github.com/jimmitjoo/gemquick/render/render.go:76.22,78.3 1 1
github.com/jimmitjoo/gemquick/render/render.go:78.8,80.3 1 0
github.com/jimmitjoo/gemquick/render/render.go:83.17,85.3 1 0
github.com/jimmitjoo/gemquick/render/render.go:88.16,91.3 2 1
github.com/jimmitjoo/gemquick/render/render.go:93.46,96.3 2 0
